*** Using Compiler 'V5.06 update 5 (build 528)', folder: 'D:\keil5\ARM\ARMCC\Bin'
Rebuild target 'fly'
compiling stm32g0xx_ll_adc.c...
assembling startup_stm32g031xx.s...
compiling stm32g0xx_hal_adc_ex.c...
compiling gpio.c...
../Core/Inc/main.h(118): warning:  #1-D: last line of file ends without a newline
  #endif /* __MAIN_H */
../user/module/motor/motor.h(75): warning:  #1-D: last line of file ends without a newline
  #endif
../Core/Inc/main.h(118): warning:  #1-D: last line of file ends without a newline
  #endif /* __MAIN_H */
../Core/Src/gpio.c: 3 warnings, 0 errors
compiling stm32g0xx_it.c...
../Core/Inc/main.h(118): warning:  #1-D: last line of file ends without a newline
  #endif /* __MAIN_H */
../user/module/motor/motor.h(75): warning:  #1-D: last line of file ends without a newline
  #endif
../Core/Inc/main.h(118): warning:  #1-D: last line of file ends without a newline
  #endif /* __MAIN_H */
../Core/Src/stm32g0xx_it.c: 3 warnings, 0 errors
compiling stm32g0xx_hal_msp.c...
../Core/Inc/main.h(118): warning:  #1-D: last line of file ends without a newline
  #endif /* __MAIN_H */
../user/module/motor/motor.h(75): warning:  #1-D: last line of file ends without a newline
  #endif
../Core/Inc/main.h(118): warning:  #1-D: last line of file ends without a newline
  #endif /* __MAIN_H */
../Core/Src/stm32g0xx_hal_msp.c: 3 warnings, 0 errors
compiling tim.c...
../Core/Inc/main.h(118): warning:  #1-D: last line of file ends without a newline
  #endif /* __MAIN_H */
../user/module/motor/motor.h(75): warning:  #1-D: last line of file ends without a newline
  #endif
../Core/Inc/main.h(118): warning:  #1-D: last line of file ends without a newline
  #endif /* __MAIN_H */
../Core/Src/tim.c(381): warning:  #1-D: last line of file ends without a newline
  /* USER CODE END 1 */
../Core/Src/tim.c: 4 warnings, 0 errors
compiling dma.c...
../Core/Inc/main.h(118): warning:  #1-D: last line of file ends without a newline
  #endif /* __MAIN_H */
../user/module/motor/motor.h(75): warning:  #1-D: last line of file ends without a newline
  #endif
../Core/Inc/main.h(118): warning:  #1-D: last line of file ends without a newline
  #endif /* __MAIN_H */
../Core/Src/dma.c: 3 warnings, 0 errors
compiling adc.c...
../Core/Inc/main.h(118): warning:  #1-D: last line of file ends without a newline
  #endif /* __MAIN_H */
../user/module/motor/motor.h(75): warning:  #1-D: last line of file ends without a newline
  #endif
../Core/Inc/main.h(118): warning:  #1-D: last line of file ends without a newline
  #endif /* __MAIN_H */
../Core/Src/adc.c(191): warning:  #1-D: last line of file ends without a newline
  /* USER CODE END 1 */
../Core/Src/adc.c: 4 warnings, 0 errors
compiling usart.c...
../Core/Inc/main.h(118): warning:  #1-D: last line of file ends without a newline
  #endif /* __MAIN_H */
../user/module/motor/motor.h(75): warning:  #1-D: last line of file ends without a newline
  #endif
../Core/Inc/main.h(118): warning:  #1-D: last line of file ends without a newline
  #endif /* __MAIN_H */
../Core/Src/usart.c: 3 warnings, 0 errors
compiling stm32g0xx_ll_rcc.c...
compiling stm32g0xx_hal_rcc_ex.c...
compiling stm32g0xx_hal_rcc.c...
compiling stm32g0xx_hal_adc.c...
compiling main.c...
../Core/Inc/main.h(118): warning:  #1-D: last line of file ends without a newline
  #endif /* __MAIN_H */
../user/module/motor/motor.h(75): warning:  #1-D: last line of file ends without a newline
  #endif
../Core/Inc/main.h(118): warning:  #1-D: last line of file ends without a newline
  #endif /* __MAIN_H */
../user/module/elrs/elrs.h(104): warning:  #1-D: last line of file ends without a newline
  #endif
../Core/Src/main.c(1016): warning:  #1-D: last line of file ends without a newline
  /* USER CODE END 5 */
../Core/Src/main.c(99): warning:  #177-D: variable "g_phase16"  was declared but never referenced
  static uint16_t g_phase16 = 0;           // ńøĖõĮŹń┤»ÕŖĀÕÖ©’╝ł0-65535ĶĪ©ńż║Õ«īµĢ┤Õæ©µ£¤’╝?
../Core/Src/main.c(100): warning:  #550-D: variable "g_last_ms"  was set but never used
  static uint32_t g_last_ms = 0;           // õĖŖõĖĆµ¼ĪÕŠ¬ńÄ»µŚČķŚ┤µł│’╝łms’╝?
../Core/Src/main.c(957): warning:  #177-D: function "abs16_fast"  was declared but never referenced
  static inline uint16_t abs16_fast(int16_t x) 
../Core/Src/main.c: 8 warnings, 0 errors
compiling stm32g0xx_hal_flash_ex.c...
compiling stm32g0xx_hal_dma_ex.c...
compiling stm32g0xx_hal_pwr.c...
compiling stm32g0xx_hal_flash.c...
compiling stm32g0xx_hal_gpio.c...
compiling stm32g0xx_hal.c...
compiling stm32g0xx_hal_cortex.c...
compiling stm32g0xx_hal_exti.c...
compiling stm32g0xx_hal_pwr_ex.c...
compiling stm32g0xx_hal_dma.c...
compiling stm32g0xx_hal_tim_ex.c...
compiling stm32g0xx_hal_tim.c...
compiling system_stm32g0xx.c...
compiling stm32g0xx_hal_uart_ex.c...
compiling motor.c...
../Core/Inc/main.h(118): warning:  #1-D: last line of file ends without a newline
  #endif /* __MAIN_H */
../user/module/motor/motor.h(75): warning:  #1-D: last line of file ends without a newline
  #endif
../Core/Inc/main.h(118): warning:  #1-D: last line of file ends without a newline
  #endif /* __MAIN_H */
..\user\module\motor\motor.h(75): warning:  #1-D: last line of file ends without a newline
  #endif
..\user\module\motor\motor.c(147): warning:  #1-D: last line of file ends without a newline
  }
..\user\module\motor\motor.c: 5 warnings, 0 errors
compiling AS5600_PWM.c...
../Core/Inc/main.h(118): warning:  #1-D: last line of file ends without a newline
  #endif /* __MAIN_H */
../user/module/motor/motor.h(75): warning:  #1-D: last line of file ends without a newline
  #endif
../Core/Inc/main.h(118): warning:  #1-D: last line of file ends without a newline
  #endif /* __MAIN_H */
..\user\module\AS5600\AS5600_PWM.c: 3 warnings, 0 errors
compiling pid.c...
../Core/Inc/main.h(118): warning:  #1-D: last line of file ends without a newline
  #endif /* __MAIN_H */
../user/module/motor/motor.h(75): warning:  #1-D: last line of file ends without a newline
  #endif
../Core/Inc/main.h(118): warning:  #1-D: last line of file ends without a newline
  #endif /* __MAIN_H */
..\user\module\pid\pid.c: 3 warnings, 0 errors
compiling elrs.c...
../Core/Inc/main.h(118): warning:  #1-D: last line of file ends without a newline
  #endif /* __MAIN_H */
../user/module/motor/motor.h(75): warning:  #1-D: last line of file ends without a newline
  #endif
../Core/Inc/main.h(118): warning:  #1-D: last line of file ends without a newline
  #endif /* __MAIN_H */
..\user\module\elrs\elrs.h(104): warning:  #1-D: last line of file ends without a newline
  #endif
..\user\module\elrs\elrs.c(105): warning:  #177-D: function "int8_Map_with_median"  was declared but never referenced
  static inline uint8_t int8_Map_with_median(uint16_t x,
..\user\module\elrs\elrs.c: 5 warnings, 0 errors
compiling stm32g0xx_hal_uart.c...
linking...
Program Size: Code=18156 RO-data=392 RW-data=88 ZI-data=2152  
FromELF: creating hex file...
"fly\fly.axf" - 0 Error(s), 47 Warning(s).
Build Time Elapsed:  00:00:14
